src/Library/Bee/Android/Prj/Mono2x/Gradle/unityLibrary/build/outputs/logs/manifest-merger-release-report.txt
-- Merging decision tree log ---
manifest
ADDED from src\main\AndroidManifest.xml:2:1-29:12
INJECTED from src\main\AndroidManifest.xml:2:1-29:12
INJECTED from src\main\AndroidManifest.xml:2:1-29:12
INJECTED from src\main\AndroidManifest.xml:2:1-29:12
INJECTED from src\main\AndroidManifest.xml:2:1-29:12
INJECTED from src\main\AndroidManifest.xml:2:1-29:12
INJECTED from src\main\AndroidManifest.xml:2:1-29:12
	package
		ADDED from src\main\AndroidManifest.xml:2:70-98
		INJECTED from src\main\AndroidManifest.xml
		INJECTED from src\main\AndroidManifest.xml
	android:versionName
		INJECTED from src\main\AndroidManifest.xml
		ADDED from src\main\AndroidManifest.xml:2:1-29:12
		INJECTED from src\main\AndroidManifest.xml
	xmlns:tools
		ADDED from src\main\AndroidManifest.xml:2:99-145
	android:versionCode
		INJECTED from src\main\AndroidManifest.xml
		ADDED from src\main\AndroidManifest.xml:2:1-29:12
		INJECTED from src\main\AndroidManifest.xml
	xmlns:android
		ADDED from src\main\AndroidManifest.xml:2:11-69
application
ADDED from src\main\AndroidManifest.xml:3:3-19:17
	android:extractNativeLibs
		ADDED from src\main\AndroidManifest.xml:3:16-48
activity#com.unity3d.player.UnityPlayerActivity
ADDED from src\main\AndroidManifest.xml:4:5-11:16
	android:screenOrientation
		ADDED from src\main\AndroidManifest.xml:4:111-147
	android:launchMode
		ADDED from src\main\AndroidManifest.xml:4:148-179
	android:hardwareAccelerated
		ADDED from src\main\AndroidManifest.xml:4:397-432
	android:resizeableActivity
		ADDED from src\main\AndroidManifest.xml:4:362-396
	android:configChanges
		ADDED from src\main\AndroidManifest.xml:4:180-361
	android:theme
		ADDED from src\main\AndroidManifest.xml:4:69-110
	android:name
		ADDED from src\main\AndroidManifest.xml:4:15-68
intent-filter#action:name:android.intent.action.MAIN+category:name:android.intent.category.LAUNCHER
ADDED from src\main\AndroidManifest.xml:5:7-8:23
action#android.intent.action.MAIN
ADDED from src\main\AndroidManifest.xml:6:9-61
	android:name
		ADDED from src\main\AndroidManifest.xml:6:17-58
category#android.intent.category.LAUNCHER
ADDED from src\main\AndroidManifest.xml:7:9-69
	android:name
		ADDED from src\main\AndroidManifest.xml:7:19-66
meta-data#unityplayer.UnityActivity
ADDED from src\main\AndroidManifest.xml:9:7-82
	android:value
		ADDED from src\main\AndroidManifest.xml:9:59-79
	android:name
		ADDED from src\main\AndroidManifest.xml:9:18-58
meta-data#android.notch_support
ADDED from src\main\AndroidManifest.xml:10:7-78
	android:value
		ADDED from src\main\AndroidManifest.xml:10:55-75
	android:name
		ADDED from src\main\AndroidManifest.xml:10:18-54
meta-data#unity.splash-mode
ADDED from src\main\AndroidManifest.xml:12:5-69
	android:value
		ADDED from src\main\AndroidManifest.xml:12:49-66
	android:name
		ADDED from src\main\AndroidManifest.xml:12:16-48
meta-data#unity.splash-enable
ADDED from src\main\AndroidManifest.xml:13:5-74
	android:value
		ADDED from src\main\AndroidManifest.xml:13:51-71
	android:name
		ADDED from src\main\AndroidManifest.xml:13:16-50
meta-data#unity.launch-fullscreen
ADDED from src\main\AndroidManifest.xml:14:5-78
	android:value
		ADDED from src\main\AndroidManifest.xml:14:55-75
	android:name
		ADDED from src\main\AndroidManifest.xml:14:16-54
meta-data#unity.allow-resizable-window
ADDED from src\main\AndroidManifest.xml:15:5-84
	android:value
		ADDED from src\main\AndroidManifest.xml:15:60-81
	android:name
		ADDED from src\main\AndroidManifest.xml:15:16-59
meta-data#notch.config
ADDED from src\main\AndroidManifest.xml:16:5-81
	android:value
		ADDED from src\main\AndroidManifest.xml:16:44-78
	android:name
		ADDED from src\main\AndroidManifest.xml:16:16-43
meta-data#unity.auto-report-fully-drawn
ADDED from src\main\AndroidManifest.xml:17:5-84
	android:value
		ADDED from src\main\AndroidManifest.xml:17:61-81
	android:name
		ADDED from src\main\AndroidManifest.xml:17:16-60
meta-data#com.google.ar.core
ADDED from src\main\AndroidManifest.xml:18:5-77
	android:value
		ADDED from src\main\AndroidManifest.xml:18:50-74
	android:name
		ADDED from src\main\AndroidManifest.xml:18:16-49
uses-feature#0x00030000
ADDED from src\main\AndroidManifest.xml:20:3-52
	android:glEsVersion
		ADDED from src\main\AndroidManifest.xml:20:17-49
uses-feature#android.hardware.vulkan.version
ADDED from src\main\AndroidManifest.xml:21:3-91
	android:required
		ADDED from src\main\AndroidManifest.xml:21:64-88
	android:name
		ADDED from src\main\AndroidManifest.xml:21:17-63
uses-permission#android.permission.CAMERA
ADDED from src\main\AndroidManifest.xml:22:3-63
	android:name
		ADDED from src\main\AndroidManifest.xml:22:20-60
uses-feature#android.hardware.camera
ADDED from src\main\AndroidManifest.xml:23:3-83
	android:required
		ADDED from src\main\AndroidManifest.xml:23:56-80
	android:name
		ADDED from src\main\AndroidManifest.xml:23:17-55
uses-feature#android.hardware.camera.autofocus
ADDED from src\main\AndroidManifest.xml:24:3-93
	android:required
		ADDED from src\main\AndroidManifest.xml:24:66-90
	android:name
		ADDED from src\main\AndroidManifest.xml:24:17-65
uses-feature#android.hardware.camera.front
ADDED from src\main\AndroidManifest.xml:25:3-89
	android:required
		ADDED from src\main\AndroidManifest.xml:25:62-86
	android:name
		ADDED from src\main\AndroidManifest.xml:25:17-61
uses-feature#android.hardware.touchscreen
ADDED from src\main\AndroidManifest.xml:26:3-88
	android:required
		ADDED from src\main\AndroidManifest.xml:26:61-85
	android:name
		ADDED from src\main\AndroidManifest.xml:26:17-60
uses-feature#android.hardware.touchscreen.multitouch
ADDED from src\main\AndroidManifest.xml:27:3-99
	android:required
		ADDED from src\main\AndroidManifest.xml:27:72-96
	android:name
		ADDED from src\main\AndroidManifest.xml:27:17-71
uses-feature#android.hardware.touchscreen.multitouch.distinct
ADDED from src\main\AndroidManifest.xml:28:3-108
	android:required
		ADDED from src\main\AndroidManifest.xml:28:81-105
	android:name
		ADDED from src\main\AndroidManifest.xml:28:17-80
uses-sdk
INJECTED from src\main\AndroidManifest.xml reason: use-sdk injection requested
INJECTED from src\main\AndroidManifest.xml
INJECTED from src\main\AndroidManifest.xml
INJECTED from src\main\AndroidManifest.xml
INJECTED from src\main\AndroidManifest.xml
	android:targetSdkVersion
		INJECTED from src\main\AndroidManifest.xml
		ADDED from src\main\AndroidManifest.xml
		INJECTED from src\main\AndroidManifest.xml
	android:minSdkVersion
		INJECTED from src\main\AndroidManifest.xml
		ADDED from src\main\AndroidManifest.xml
		INJECTED from src\main\AndroidManifest.xml